The system is: Windows - 10.0.18362 - AMD64
Compiling the C compiler identification source file "CMakeCCompilerId.c" succeeded.
Compiler: C:/Program Files (x86)/Microsoft Visual Studio/2019/Professional/VC/Tools/MSVC/14.20.27508/bin/Hostx86/x86/cl.exe 
Build flags: 
Id flags:  

The output was:
0
Оптимизирующий компилятор Microsoft (R) C/C++ версии 19.20.27508.1 для x86
(C) Корпорация Майкрософт (Microsoft Corporation).  Все права защищены.

CMakeCCompilerId.c
Microsoft (R) Incremental Linker Version 14.20.27508.1
Copyright (C) Microsoft Corporation.  All rights reserved.

/out:CMakeCCompilerId.exe 
CMakeCCompilerId.obj 


Compilation of the C compiler identification source "CMakeCCompilerId.c" produced "CMakeCCompilerId.exe"

Compilation of the C compiler identification source "CMakeCCompilerId.c" produced "CMakeCCompilerId.obj"

The C compiler identification is MSVC, found in "D:/For Administrator/GitHub/MR2019/Ilya'Clever0ne'Pankov/LibrariesTask/cmake-build-debug/CMakeFiles/3.15.3/CompilerIdC/CMakeCCompilerId.exe"

Determining if the C compiler works passed with the following output:
Change Dir: D:/For Administrator/GitHub/MR2019/Ilya'Clever0ne'Pankov/LibrariesTask/cmake-build-debug/CMakeFiles/CMakeTmp

Run Build Command(s):nmake /nologo cmTC_a7552\fast && 	"C:\Program Files (x86)\Microsoft Visual Studio\2019\Professional\VC\Tools\MSVC\14.20.27508\bin\HostX86\x86\nmake.exe" -f CMakeFiles\cmTC_a7552.dir\build.make /nologo -L                  CMakeFiles\cmTC_a7552.dir\build
Building C object CMakeFiles/cmTC_a7552.dir/testCCompiler.c.obj
	C:\PROGRA~2\MICROS~2\2019\PROFES~1\VC\Tools\MSVC\1420~1.275\bin\Hostx86\x86\cl.exe @C:\Users\1DB4~1\AppData\Local\Temp\nm7B0F.tmp
testCCompiler.c
Linking C executable cmTC_a7552.exe
	"C:\Program Files\JetBrains\CLion 2019.2.4\bin\cmake\win\bin\cmake.exe" -E vs_link_exe --intdir=CMakeFiles\cmTC_a7552.dir --rc=C:\PROGRA~2\WI3CF2~1\10\bin\100177~1.0\x86\rc.exe --mt=C:\PROGRA~2\WI3CF2~1\10\bin\100177~1.0\x86\mt.exe --manifests  -- C:\PROGRA~2\MICROS~2\2019\PROFES~1\VC\Tools\MSVC\1420~1.275\bin\Hostx86\x86\link.exe /nologo @CMakeFiles\cmTC_a7552.dir\objects1.rsp @C:\Users\1DB4~1\AppData\Local\Temp\nm7C67.tmp



Detecting C compiler ABI info compiled with the following output:
Change Dir: D:/For Administrator/GitHub/MR2019/Ilya'Clever0ne'Pankov/LibrariesTask/cmake-build-debug/CMakeFiles/CMakeTmp

Run Build Command(s):nmake /nologo cmTC_adb46\fast && 	"C:\Program Files (x86)\Microsoft Visual Studio\2019\Professional\VC\Tools\MSVC\14.20.27508\bin\HostX86\x86\nmake.exe" -f CMakeFiles\cmTC_adb46.dir\build.make /nologo -L                  CMakeFiles\cmTC_adb46.dir\build
Building C object CMakeFiles/cmTC_adb46.dir/CMakeCCompilerABI.c.obj
	C:\PROGRA~2\MICROS~2\2019\PROFES~1\VC\Tools\MSVC\1420~1.275\bin\Hostx86\x86\cl.exe @C:\Users\1DB4~1\AppData\Local\Temp\nm7FC2.tmp
CMakeCCompilerABI.c
Linking C executable cmTC_adb46.exe
	"C:\Program Files\JetBrains\CLion 2019.2.4\bin\cmake\win\bin\cmake.exe" -E vs_link_exe --intdir=CMakeFiles\cmTC_adb46.dir --rc=C:\PROGRA~2\WI3CF2~1\10\bin\100177~1.0\x86\rc.exe --mt=C:\PROGRA~2\WI3CF2~1\10\bin\100177~1.0\x86\mt.exe --manifests  -- C:\PROGRA~2\MICROS~2\2019\PROFES~1\VC\Tools\MSVC\1420~1.275\bin\Hostx86\x86\link.exe /nologo @CMakeFiles\cmTC_adb46.dir\objects1.rsp @C:\Users\1DB4~1\AppData\Local\Temp\nm8011.tmp



